{
  "stats": {
    "suites": 1,
    "tests": 3,
    "passes": 3,
    "pending": 0,
    "failures": 0,
    "start": "2020-06-05T10:13:37.584Z",
    "end": "2020-06-05T10:13:37.957Z",
    "duration": 373,
    "testsRegistered": 3,
    "passPercent": 100,
    "pendingPercent": 0,
    "other": 0,
    "hasOther": false,
    "skipped": 0,
    "hasSkipped": false
  },
  "results": [
    {
      "uuid": "1ce544ff-f882-41af-8e17-fb01dc33240e",
      "title": "",
      "fullFile": "cypress/integration/vrt.spec.js",
      "file": "cypress/integration/vrt.spec.js",
      "beforeHooks": [],
      "afterHooks": [],
      "tests": [],
      "suites": [
        {
          "uuid": "7ce89434-45c3-4505-aeda-09fbddeadc88",
          "title": "Test suite VRT",
          "fullFile": "",
          "file": "",
          "beforeHooks": [],
          "afterHooks": [],
          "tests": [
            {
              "title": "test case 1 vrt",
              "fullTitle": "Test suite VRT test case 1 vrt",
              "timedOut": null,
              "duration": 73,
              "state": "passed",
              "speed": "medium",
              "pass": true,
              "fail": false,
              "pending": false,
              "context": null,
              "code": "cy.log('Hello, there!');",
              "err": {},
              "uuid": "ff046830-9f8a-4a85-93b8-f3092a899ead",
              "parentUUID": "7ce89434-45c3-4505-aeda-09fbddeadc88",
              "isHook": false,
              "skipped": false
            },
            {
              "title": "test case 2 vrt",
              "fullTitle": "Test suite VRT test case 2 vrt",
              "timedOut": null,
              "duration": 87,
              "state": "passed",
              "speed": "slow",
              "pass": true,
              "fail": false,
              "pending": false,
              "context": null,
              "code": "cy.log('Hello, there!');",
              "err": {},
              "uuid": "313cd5da-51b2-43f2-ae17-a60ffd4bc869",
              "parentUUID": "7ce89434-45c3-4505-aeda-09fbddeadc88",
              "isHook": false,
              "skipped": false
            },
            {
              "title": "test case 3 vrt",
              "fullTitle": "Test suite VRT test case 3 vrt",
              "timedOut": null,
              "duration": 29,
              "state": "passed",
              "speed": "fast",
              "pass": true,
              "fail": false,
              "pending": false,
              "context": null,
              "code": "cy.log('Hello, there!');",
              "err": {},
              "uuid": "4ae1e8c7-b771-4755-8980-7980e16fb59b",
              "parentUUID": "7ce89434-45c3-4505-aeda-09fbddeadc88",
              "isHook": false,
              "skipped": false
            }
          ],
          "suites": [],
          "passes": [
            "ff046830-9f8a-4a85-93b8-f3092a899ead",
            "313cd5da-51b2-43f2-ae17-a60ffd4bc869",
            "4ae1e8c7-b771-4755-8980-7980e16fb59b"
          ],
          "failures": [],
          "pending": [],
          "skipped": [],
          "duration": 189,
          "root": false,
          "rootEmpty": false,
          "_timeout": 2000
        }
      ],
      "passes": [],
      "failures": [],
      "pending": [],
      "skipped": [],
      "duration": 0,
      "root": true,
      "rootEmpty": true,
      "_timeout": 2000
    }
  ],
  "meta": {
    "mocha": {
      "version": "7.0.1"
    },
    "mochawesome": {
      "options": {
        "quiet": false,
        "reportFilename": "mochawesome",
        "saveHtml": true,
        "saveJson": true,
        "consoleReporter": "spec",
        "useInlineDiffs": false,
        "code": true
      },
      "version": "6.1.1"
    },
    "marge": {
      "options": {},
      "version": "5.1.0"
    }
  }
}